16:06:19.254 [main] INFO  p.c.m.services.PrintingServiceImpl:124 - 
KWOTA KREDYTU: 301953.46 ZL 
OKRES KREDYTOWANIA: 180 MIESIECY 
ODSETKI: 3.30% 
MIESIAC ROZPOCZECIA NADPLAT: 1 MIESIAC: NADPLATA, SKROCENIE OKRESU
SCHEMAT DOKONYWANIA NADPLAT: 
MIESIAC: 2, KWOTA: 10000 ZL 
MIESIAC: 3, KWOTA: 10000 ZL 
MIESIAC: 5, KWOTA: 10000 ZL 
MIESIAC: 6, KWOTA: 10000 ZL 
MIESIAC: 7, KWOTA: 10000 ZL 

16:06:19.479 [main] INFO  p.c.m.services.PrintingServiceImpl:124 - SUMA ODSETEK: 54191.45 ZL 
PROWIZJA ZA NADPLATY: 1500.00 ZL 
SUMA STRAT: 55691.45 ZL 
SUMA KAPITALU: 301953.46 ZL 

16:06:19.482 [main] INFO  p.c.m.services.PrintingServiceImpl:124 - NR:    1 ROK:    1 MIESIAC:    1 DATA:   2020-12-10 RATA:     2129.08 ODSETKI:      830.37 KAPITAL:     1298.71 NADPLATA:           0 PKWT:     300654.75 PMSC:           179 
16:06:19.483 [main] INFO  p.c.m.services.PrintingServiceImpl:124 - NR:    2 ROK:    1 MIESIAC:    2 DATA:   2021-01-10 RATA:     2129.08 ODSETKI:      826.80 KAPITAL:     1302.28 NADPLATA:       10000 PKWT:     289352.47 PMSC:           171 
16:06:19.484 [main] INFO  p.c.m.services.PrintingServiceImpl:124 - NR:    3 ROK:    1 MIESIAC:    3 DATA:   2021-02-10 RATA:     2129.08 ODSETKI:      795.72 KAPITAL:     1333.36 NADPLATA:       10000 PKWT:     278019.11 PMSC:           162 
16:06:19.484 [main] INFO  p.c.m.services.PrintingServiceImpl:124 - NR:    4 ROK:    1 MIESIAC:    4 DATA:   2021-03-10 RATA:     2129.08 ODSETKI:      764.55 KAPITAL:     1364.53 NADPLATA:           0 PKWT:     276654.58 PMSC:           161 
16:06:19.485 [main] INFO  p.c.m.services.PrintingServiceImpl:124 - NR:    5 ROK:    1 MIESIAC:    5 DATA:   2021-04-10 RATA:     2129.08 ODSETKI:      760.80 KAPITAL:     1368.28 NADPLATA:       10000 PKWT:     265286.30 PMSC:           153 
16:06:19.485 [main] INFO  p.c.m.services.PrintingServiceImpl:124 - NR:    6 ROK:    1 MIESIAC:    6 DATA:   2021-05-10 RATA:     2129.08 ODSETKI:      729.54 KAPITAL:     1399.54 NADPLATA:       10000 PKWT:     253886.76 PMSC:           145 
16:06:19.486 [main] INFO  p.c.m.services.PrintingServiceImpl:124 - NR:    7 ROK:    1 MIESIAC:    7 DATA:   2021-06-10 RATA:     2129.08 ODSETKI:      698.19 KAPITAL:     1430.89 NADPLATA:       10000 PKWT:     242455.87 PMSC:           137 
16:06:19.486 [main] INFO  p.c.m.services.PrintingServiceImpl:124 - NR:    8 ROK:    1 MIESIAC:    8 DATA:   2021-07-10 RATA:     2129.08 ODSETKI:      666.75 KAPITAL:     1462.33 NADPLATA:           0 PKWT:     240993.54 PMSC:           136 
16:06:19.487 [main] INFO  p.c.m.services.PrintingServiceImpl:124 - NR:    9 ROK:    1 MIESIAC:    9 DATA:   2021-08-10 RATA:     2129.08 ODSETKI:      662.73 KAPITAL:     1466.35 NADPLATA:           0 PKWT:     239527.19 PMSC:           135 
16:06:19.488 [main] INFO  p.c.m.services.PrintingServiceImpl:124 - NR:   10 ROK:    1 MIESIAC:   10 DATA:   2021-09-10 RATA:     2129.08 ODSETKI:      658.70 KAPITAL:     1470.38 NADPLATA:           0 PKWT:     238056.81 PMSC:           134 
16:06:19.488 [main] INFO  p.c.m.services.PrintingServiceImpl:124 - NR:   11 ROK:    1 MIESIAC:   11 DATA:   2021-10-10 RATA:     2129.08 ODSETKI:      654.66 KAPITAL:     1474.42 NADPLATA:           0 PKWT:     236582.39 PMSC:           133 
16:06:19.488 [main] INFO  p.c.m.services.PrintingServiceImpl:124 - NR:   12 ROK:    1 MIESIAC:   12 DATA:   2021-11-10 RATA:     2129.08 ODSETKI:      650.60 KAPITAL:     1478.48 NADPLATA:           0 PKWT:     235103.91 PMSC:           132 
16:06:19.488 [main] INFO  p.c.m.services.PrintingServiceImpl:124 - ------------------------------------------------------------------------------------------------------------------------------------------------------------------------------------
16:06:19.489 [main] INFO  p.c.m.services.PrintingServiceImpl:124 - NR:   13 ROK:    2 MIESIAC:    1 DATA:   2021-12-10 RATA:     2129.08 ODSETKI:      646.54 KAPITAL:     1482.54 NADPLATA:           0 PKWT:     233621.37 PMSC:           131 
16:06:19.489 [main] INFO  p.c.m.services.PrintingServiceImpl:124 - NR:   14 ROK:    2 MIESIAC:    2 DATA:   2022-01-10 RATA:     2129.08 ODSETKI:      642.46 KAPITAL:     1486.62 NADPLATA:           0 PKWT:     232134.75 PMSC:           130 
16:06:19.489 [main] INFO  p.c.m.services.PrintingServiceImpl:124 - NR:   15 ROK:    2 MIESIAC:    3 DATA:   2022-02-10 RATA:     2129.08 ODSETKI:      638.37 KAPITAL:     1490.71 NADPLATA:           0 PKWT:     230644.04 PMSC:           129 
16:06:19.489 [main] INFO  p.c.m.services.PrintingServiceImpl:124 - NR:   16 ROK:    2 MIESIAC:    4 DATA:   2022-03-10 RATA:     2129.08 ODSETKI:      634.27 KAPITAL:     1494.81 NADPLATA:           0 PKWT:     229149.23 PMSC:           128 
16:06:19.489 [main] INFO  p.c.m.services.PrintingServiceImpl:124 - NR:   17 ROK:    2 MIESIAC:    5 DATA:   2022-04-10 RATA:     2129.08 ODSETKI:      630.16 KAPITAL:     1498.92 NADPLATA:           0 PKWT:     227650.31 PMSC:           127 
16:06:19.490 [main] INFO  p.c.m.services.PrintingServiceImpl:124 - NR:   18 ROK:    2 MIESIAC:    6 DATA:   2022-05-10 RATA:     2129.08 ODSETKI:      626.04 KAPITAL:     1503.04 NADPLATA:           0 PKWT:     226147.27 PMSC:           126 
16:06:19.490 [main] INFO  p.c.m.services.PrintingServiceImpl:124 - NR:   19 ROK:    2 MIESIAC:    7 DATA:   2022-06-10 RATA:     2129.08 ODSETKI:      621.90 KAPITAL:     1507.18 NADPLATA:           0 PKWT:     224640.09 PMSC:           125 
16:06:19.490 [main] INFO  p.c.m.services.PrintingServiceImpl:124 - NR:   20 ROK:    2 MIESIAC:    8 DATA:   2022-07-10 RATA:     2129.08 ODSETKI:      617.76 KAPITAL:     1511.32 NADPLATA:           0 PKWT:     223128.77 PMSC:           124 
16:06:19.490 [main] INFO  p.c.m.services.PrintingServiceImpl:124 - NR:   21 ROK:    2 MIESIAC:    9 DATA:   2022-08-10 RATA:     2129.08 ODSETKI:      613.60 KAPITAL:     1515.48 NADPLATA:           0 PKWT:     221613.29 PMSC:           123 
16:06:19.491 [main] INFO  p.c.m.services.PrintingServiceImpl:124 - NR:   22 ROK:    2 MIESIAC:   10 DATA:   2022-09-10 RATA:     2129.08 ODSETKI:      609.44 KAPITAL:     1519.64 NADPLATA:           0 PKWT:     220093.65 PMSC:           122 
16:06:19.491 [main] INFO  p.c.m.services.PrintingServiceImpl:124 - NR:   23 ROK:    2 MIESIAC:   11 DATA:   2022-10-10 RATA:     2129.08 ODSETKI:      605.26 KAPITAL:     1523.82 NADPLATA:           0 PKWT:     218569.83 PMSC:           121 
16:06:19.491 [main] INFO  p.c.m.services.PrintingServiceImpl:124 - NR:   24 ROK:    2 MIESIAC:   12 DATA:   2022-11-10 RATA:     2129.08 ODSETKI:      601.07 KAPITAL:     1528.01 NADPLATA:           0 PKWT:     217041.82 PMSC:           120 
16:06:19.491 [main] INFO  p.c.m.services.PrintingServiceImpl:124 - ------------------------------------------------------------------------------------------------------------------------------------------------------------------------------------
16:06:19.491 [main] INFO  p.c.m.services.PrintingServiceImpl:124 - NR:   25 ROK:    3 MIESIAC:    1 DATA:   2022-12-10 RATA:     2129.08 ODSETKI:      596.87 KAPITAL:     1532.21 NADPLATA:           0 PKWT:     215509.61 PMSC:           119 
16:06:19.492 [main] INFO  p.c.m.services.PrintingServiceImpl:124 - NR:   26 ROK:    3 MIESIAC:    2 DATA:   2023-01-10 RATA:     2129.08 ODSETKI:      592.65 KAPITAL:     1536.43 NADPLATA:           0 PKWT:     213973.18 PMSC:           118 
16:06:19.492 [main] INFO  p.c.m.services.PrintingServiceImpl:124 - NR:   27 ROK:    3 MIESIAC:    3 DATA:   2023-02-10 RATA:     2129.08 ODSETKI:      588.43 KAPITAL:     1540.65 NADPLATA:           0 PKWT:     212432.53 PMSC:           117 
16:06:19.492 [main] INFO  p.c.m.services.PrintingServiceImpl:124 - NR:   28 ROK:    3 MIESIAC:    4 DATA:   2023-03-10 RATA:     2129.08 ODSETKI:      584.19 KAPITAL:     1544.89 NADPLATA:           0 PKWT:     210887.64 PMSC:           116 
16:06:19.492 [main] INFO  p.c.m.services.PrintingServiceImpl:124 - NR:   29 ROK:    3 MIESIAC:    5 DATA:   2023-04-10 RATA:     2129.08 ODSETKI:      579.94 KAPITAL:     1549.14 NADPLATA:           0 PKWT:     209338.50 PMSC:           115 
16:06:19.492 [main] INFO  p.c.m.services.PrintingServiceImpl:124 - NR:   30 ROK:    3 MIESIAC:    6 DATA:   2023-05-10 RATA:     2129.08 ODSETKI:      575.68 KAPITAL:     1553.40 NADPLATA:           0 PKWT:     207785.10 PMSC:           114 
16:06:19.492 [main] INFO  p.c.m.services.PrintingServiceImpl:124 - NR:   31 ROK:    3 MIESIAC:    7 DATA:   2023-06-10 RATA:     2129.08 ODSETKI:      571.41 KAPITAL:     1557.67 NADPLATA:           0 PKWT:     206227.43 PMSC:           113 
16:06:19.493 [main] INFO  p.c.m.services.PrintingServiceImpl:124 - NR:   32 ROK:    3 MIESIAC:    8 DATA:   2023-07-10 RATA:     2129.08 ODSETKI:      567.13 KAPITAL:     1561.95 NADPLATA:           0 PKWT:     204665.48 PMSC:           112 
16:06:19.493 [main] INFO  p.c.m.services.PrintingServiceImpl:124 - NR:   33 ROK:    3 MIESIAC:    9 DATA:   2023-08-10 RATA:     2129.08 ODSETKI:      562.83 KAPITAL:     1566.25 NADPLATA:           0 PKWT:     203099.23 PMSC:           111 
16:06:19.493 [main] INFO  p.c.m.services.PrintingServiceImpl:124 - NR:   34 ROK:    3 MIESIAC:   10 DATA:   2023-09-10 RATA:     2129.08 ODSETKI:      558.52 KAPITAL:     1570.56 NADPLATA:           0 PKWT:     201528.67 PMSC:           110 
16:06:19.493 [main] INFO  p.c.m.services.PrintingServiceImpl:124 - NR:   35 ROK:    3 MIESIAC:   11 DATA:   2023-10-10 RATA:     2129.08 ODSETKI:      554.20 KAPITAL:     1574.88 NADPLATA:           0 PKWT:     199953.79 PMSC:           109 
16:06:19.493 [main] INFO  p.c.m.services.PrintingServiceImpl:124 - NR:   36 ROK:    3 MIESIAC:   12 DATA:   2023-11-10 RATA:     2129.08 ODSETKI:      549.87 KAPITAL:     1579.21 NADPLATA:           0 PKWT:     198374.58 PMSC:           108 
16:06:19.494 [main] INFO  p.c.m.services.PrintingServiceImpl:124 - ------------------------------------------------------------------------------------------------------------------------------------------------------------------------------------
16:06:19.494 [main] INFO  p.c.m.services.PrintingServiceImpl:124 - NR:   37 ROK:    4 MIESIAC:    1 DATA:   2023-12-10 RATA:     2129.08 ODSETKI:      545.53 KAPITAL:     1583.55 NADPLATA:           0 PKWT:     196791.03 PMSC:           107 
16:06:19.494 [main] INFO  p.c.m.services.PrintingServiceImpl:124 - NR:   38 ROK:    4 MIESIAC:    2 DATA:   2024-01-10 RATA:     2129.08 ODSETKI:      541.18 KAPITAL:     1587.90 NADPLATA:           0 PKWT:     195203.13 PMSC:           106 
16:06:19.494 [main] INFO  p.c.m.services.PrintingServiceImpl:124 - NR:   39 ROK:    4 MIESIAC:    3 DATA:   2024-02-10 RATA:     2129.08 ODSETKI:      536.81 KAPITAL:     1592.27 NADPLATA:           0 PKWT:     193610.86 PMSC:           105 
16:06:19.494 [main] INFO  p.c.m.services.PrintingServiceImpl:124 - NR:   40 ROK:    4 MIESIAC:    4 DATA:   2024-03-10 RATA:     2129.08 ODSETKI:      532.43 KAPITAL:     1596.65 NADPLATA:           0 PKWT:     192014.21 PMSC:           104 
16:06:19.496 [main] INFO  p.c.m.services.PrintingServiceImpl:124 - NR:   41 ROK:    4 MIESIAC:    5 DATA:   2024-04-10 RATA:     2129.08 ODSETKI:      528.04 KAPITAL:     1601.04 NADPLATA:           0 PKWT:     190413.17 PMSC:           103 
16:06:19.496 [main] INFO  p.c.m.services.PrintingServiceImpl:124 - NR:   42 ROK:    4 MIESIAC:    6 DATA:   2024-05-10 RATA:     2129.08 ODSETKI:      523.64 KAPITAL:     1605.44 NADPLATA:           0 PKWT:     188807.73 PMSC:           102 
16:06:19.496 [main] INFO  p.c.m.services.PrintingServiceImpl:124 - NR:   43 ROK:    4 MIESIAC:    7 DATA:   2024-06-10 RATA:     2129.08 ODSETKI:      519.22 KAPITAL:     1609.86 NADPLATA:           0 PKWT:     187197.87 PMSC:           101 
16:06:19.497 [main] INFO  p.c.m.services.PrintingServiceImpl:124 - NR:   44 ROK:    4 MIESIAC:    8 DATA:   2024-07-10 RATA:     2129.08 ODSETKI:      514.79 KAPITAL:     1614.29 NADPLATA:           0 PKWT:     185583.58 PMSC:           100 
16:06:19.499 [main] INFO  p.c.m.services.PrintingServiceImpl:124 - NR:   45 ROK:    4 MIESIAC:    9 DATA:   2024-08-10 RATA:     2129.08 ODSETKI:      510.35 KAPITAL:     1618.73 NADPLATA:           0 PKWT:     183964.85 PMSC:            99 
16:06:19.499 [main] INFO  p.c.m.services.PrintingServiceImpl:124 - NR:   46 ROK:    4 MIESIAC:   10 DATA:   2024-09-10 RATA:     2129.08 ODSETKI:      505.90 KAPITAL:     1623.18 NADPLATA:           0 PKWT:     182341.67 PMSC:            98 
16:06:19.500 [main] INFO  p.c.m.services.PrintingServiceImpl:124 - NR:   47 ROK:    4 MIESIAC:   11 DATA:   2024-10-10 RATA:     2129.08 ODSETKI:      501.44 KAPITAL:     1627.64 NADPLATA:           0 PKWT:     180714.03 PMSC:            97 
16:06:19.500 [main] INFO  p.c.m.services.PrintingServiceImpl:124 - NR:   48 ROK:    4 MIESIAC:   12 DATA:   2024-11-10 RATA:     2129.08 ODSETKI:      496.96 KAPITAL:     1632.12 NADPLATA:           0 PKWT:     179081.91 PMSC:            96 
16:06:19.500 [main] INFO  p.c.m.services.PrintingServiceImpl:124 - ------------------------------------------------------------------------------------------------------------------------------------------------------------------------------------
16:06:19.500 [main] INFO  p.c.m.services.PrintingServiceImpl:124 - NR:   49 ROK:    5 MIESIAC:    1 DATA:   2024-12-10 RATA:     2129.08 ODSETKI:      492.48 KAPITAL:     1636.60 NADPLATA:           0 PKWT:     177445.31 PMSC:            95 
16:06:19.500 [main] INFO  p.c.m.services.PrintingServiceImpl:124 - NR:   50 ROK:    5 MIESIAC:    2 DATA:   2025-01-10 RATA:     2129.08 ODSETKI:      487.97 KAPITAL:     1641.11 NADPLATA:           0 PKWT:     175804.20 PMSC:            94 
16:06:19.500 [main] INFO  p.c.m.services.PrintingServiceImpl:124 - NR:   51 ROK:    5 MIESIAC:    3 DATA:   2025-02-10 RATA:     2129.08 ODSETKI:      483.46 KAPITAL:     1645.62 NADPLATA:           0 PKWT:     174158.58 PMSC:            93 
16:06:19.500 [main] INFO  p.c.m.services.PrintingServiceImpl:124 - NR:   52 ROK:    5 MIESIAC:    4 DATA:   2025-03-10 RATA:     2129.08 ODSETKI:      478.94 KAPITAL:     1650.14 NADPLATA:           0 PKWT:     172508.44 PMSC:            92 
16:06:19.501 [main] INFO  p.c.m.services.PrintingServiceImpl:124 - NR:   53 ROK:    5 MIESIAC:    5 DATA:   2025-04-10 RATA:     2129.08 ODSETKI:      474.40 KAPITAL:     1654.68 NADPLATA:           0 PKWT:     170853.76 PMSC:            91 
16:06:19.502 [main] INFO  p.c.m.services.PrintingServiceImpl:124 - NR:   54 ROK:    5 MIESIAC:    6 DATA:   2025-05-10 RATA:     2129.08 ODSETKI:      469.85 KAPITAL:     1659.23 NADPLATA:           0 PKWT:     169194.53 PMSC:            90 
16:06:19.502 [main] INFO  p.c.m.services.PrintingServiceImpl:124 - NR:   55 ROK:    5 MIESIAC:    7 DATA:   2025-06-10 RATA:     2129.08 ODSETKI:      465.28 KAPITAL:     1663.80 NADPLATA:           0 PKWT:     167530.73 PMSC:            89 
16:06:19.502 [main] INFO  p.c.m.services.PrintingServiceImpl:124 - NR:   56 ROK:    5 MIESIAC:    8 DATA:   2025-07-10 RATA:     2129.08 ODSETKI:      460.71 KAPITAL:     1668.37 NADPLATA:           0 PKWT:     165862.36 PMSC:            88 
16:06:19.502 [main] INFO  p.c.m.services.PrintingServiceImpl:124 - NR:   57 ROK:    5 MIESIAC:    9 DATA:   2025-08-10 RATA:     2129.08 ODSETKI:      456.12 KAPITAL:     1672.96 NADPLATA:           0 PKWT:     164189.40 PMSC:            87 
16:06:19.503 [main] INFO  p.c.m.services.PrintingServiceImpl:124 - NR:   58 ROK:    5 MIESIAC:   10 DATA:   2025-09-10 RATA:     2129.08 ODSETKI:      451.52 KAPITAL:     1677.56 NADPLATA:           0 PKWT:     162511.84 PMSC:            86 
16:06:19.503 [main] INFO  p.c.m.services.PrintingServiceImpl:124 - NR:   59 ROK:    5 MIESIAC:   11 DATA:   2025-10-10 RATA:     2129.08 ODSETKI:      446.91 KAPITAL:     1682.17 NADPLATA:           0 PKWT:     160829.67 PMSC:            85 
16:06:19.503 [main] INFO  p.c.m.services.PrintingServiceImpl:124 - NR:   60 ROK:    5 MIESIAC:   12 DATA:   2025-11-10 RATA:     2129.08 ODSETKI:      442.28 KAPITAL:     1686.80 NADPLATA:           0 PKWT:     159142.87 PMSC:            84 
16:06:19.503 [main] INFO  p.c.m.services.PrintingServiceImpl:124 - ------------------------------------------------------------------------------------------------------------------------------------------------------------------------------------
16:06:19.503 [main] INFO  p.c.m.services.PrintingServiceImpl:124 - NR:   61 ROK:    6 MIESIAC:    1 DATA:   2025-12-10 RATA:     2129.08 ODSETKI:      437.64 KAPITAL:     1691.44 NADPLATA:           0 PKWT:     157451.43 PMSC:            83 
16:06:19.503 [main] INFO  p.c.m.services.PrintingServiceImpl:124 - NR:   62 ROK:    6 MIESIAC:    2 DATA:   2026-01-10 RATA:     2129.08 ODSETKI:      432.99 KAPITAL:     1696.09 NADPLATA:           0 PKWT:     155755.34 PMSC:            82 
16:06:19.503 [main] INFO  p.c.m.services.PrintingServiceImpl:124 - NR:   63 ROK:    6 MIESIAC:    3 DATA:   2026-02-10 RATA:     2129.08 ODSETKI:      428.33 KAPITAL:     1700.75 NADPLATA:           0 PKWT:     154054.59 PMSC:            81 
16:06:19.504 [main] INFO  p.c.m.services.PrintingServiceImpl:124 - NR:   64 ROK:    6 MIESIAC:    4 DATA:   2026-03-10 RATA:     2129.08 ODSETKI:      423.65 KAPITAL:     1705.43 NADPLATA:           0 PKWT:     152349.16 PMSC:            80 
16:06:19.505 [main] INFO  p.c.m.services.PrintingServiceImpl:124 - NR:   65 ROK:    6 MIESIAC:    5 DATA:   2026-04-10 RATA:     2129.08 ODSETKI:      418.96 KAPITAL:     1710.12 NADPLATA:           0 PKWT:     150639.04 PMSC:            79 
16:06:19.505 [main] INFO  p.c.m.services.PrintingServiceImpl:124 - NR:   66 ROK:    6 MIESIAC:    6 DATA:   2026-05-10 RATA:     2129.08 ODSETKI:      414.26 KAPITAL:     1714.82 NADPLATA:           0 PKWT:     148924.22 PMSC:            78 
16:06:19.505 [main] INFO  p.c.m.services.PrintingServiceImpl:124 - NR:   67 ROK:    6 MIESIAC:    7 DATA:   2026-06-10 RATA:     2129.08 ODSETKI:      409.54 KAPITAL:     1719.54 NADPLATA:           0 PKWT:     147204.68 PMSC:            77 
16:06:19.505 [main] INFO  p.c.m.services.PrintingServiceImpl:124 - NR:   68 ROK:    6 MIESIAC:    8 DATA:   2026-07-10 RATA:     2129.08 ODSETKI:      404.81 KAPITAL:     1724.27 NADPLATA:           0 PKWT:     145480.41 PMSC:            76 
16:06:19.505 [main] INFO  p.c.m.services.PrintingServiceImpl:124 - NR:   69 ROK:    6 MIESIAC:    9 DATA:   2026-08-10 RATA:     2129.08 ODSETKI:      400.07 KAPITAL:     1729.01 NADPLATA:           0 PKWT:     143751.40 PMSC:            75 
16:06:19.505 [main] INFO  p.c.m.services.PrintingServiceImpl:124 - NR:   70 ROK:    6 MIESIAC:   10 DATA:   2026-09-10 RATA:     2129.08 ODSETKI:      395.32 KAPITAL:     1733.76 NADPLATA:           0 PKWT:     142017.64 PMSC:            74 
16:06:19.505 [main] INFO  p.c.m.services.PrintingServiceImpl:124 - NR:   71 ROK:    6 MIESIAC:   11 DATA:   2026-10-10 RATA:     2129.08 ODSETKI:      390.55 KAPITAL:     1738.53 NADPLATA:           0 PKWT:     140279.11 PMSC:            73 
16:06:19.505 [main] INFO  p.c.m.services.PrintingServiceImpl:124 - NR:   72 ROK:    6 MIESIAC:   12 DATA:   2026-11-10 RATA:     2129.08 ODSETKI:      385.77 KAPITAL:     1743.31 NADPLATA:           0 PKWT:     138535.80 PMSC:            72 
16:06:19.505 [main] INFO  p.c.m.services.PrintingServiceImpl:124 - ------------------------------------------------------------------------------------------------------------------------------------------------------------------------------------
16:06:19.505 [main] INFO  p.c.m.services.PrintingServiceImpl:124 - NR:   73 ROK:    7 MIESIAC:    1 DATA:   2026-12-10 RATA:     2129.08 ODSETKI:      380.97 KAPITAL:     1748.11 NADPLATA:           0 PKWT:     136787.69 PMSC:            71 
16:06:19.506 [main] INFO  p.c.m.services.PrintingServiceImpl:124 - NR:   74 ROK:    7 MIESIAC:    2 DATA:   2027-01-10 RATA:     2129.08 ODSETKI:      376.17 KAPITAL:     1752.91 NADPLATA:           0 PKWT:     135034.78 PMSC:            70 
16:06:19.506 [main] INFO  p.c.m.services.PrintingServiceImpl:124 - NR:   75 ROK:    7 MIESIAC:    3 DATA:   2027-02-10 RATA:     2129.08 ODSETKI:      371.35 KAPITAL:     1757.73 NADPLATA:           0 PKWT:     133277.05 PMSC:            69 
16:06:19.506 [main] INFO  p.c.m.services.PrintingServiceImpl:124 - NR:   76 ROK:    7 MIESIAC:    4 DATA:   2027-03-10 RATA:     2129.08 ODSETKI:      366.51 KAPITAL:     1762.57 NADPLATA:           0 PKWT:     131514.48 PMSC:            68 
16:06:19.506 [main] INFO  p.c.m.services.PrintingServiceImpl:124 - NR:   77 ROK:    7 MIESIAC:    5 DATA:   2027-04-10 RATA:     2129.08 ODSETKI:      361.66 KAPITAL:     1767.42 NADPLATA:           0 PKWT:     129747.06 PMSC:            67 
16:06:19.506 [main] INFO  p.c.m.services.PrintingServiceImpl:124 - NR:   78 ROK:    7 MIESIAC:    6 DATA:   2027-05-10 RATA:     2129.08 ODSETKI:      356.80 KAPITAL:     1772.28 NADPLATA:           0 PKWT:     127974.78 PMSC:            66 
16:06:19.506 [main] INFO  p.c.m.services.PrintingServiceImpl:124 - NR:   79 ROK:    7 MIESIAC:    7 DATA:   2027-06-10 RATA:     2129.08 ODSETKI:      351.93 KAPITAL:     1777.15 NADPLATA:           0 PKWT:     126197.63 PMSC:            65 
16:06:19.506 [main] INFO  p.c.m.services.PrintingServiceImpl:124 - NR:   80 ROK:    7 MIESIAC:    8 DATA:   2027-07-10 RATA:     2129.08 ODSETKI:      347.04 KAPITAL:     1782.04 NADPLATA:           0 PKWT:     124415.59 PMSC:            64 
16:06:19.506 [main] INFO  p.c.m.services.PrintingServiceImpl:124 - NR:   81 ROK:    7 MIESIAC:    9 DATA:   2027-08-10 RATA:     2129.08 ODSETKI:      342.14 KAPITAL:     1786.94 NADPLATA:           0 PKWT:     122628.65 PMSC:            63 
16:06:19.506 [main] INFO  p.c.m.services.PrintingServiceImpl:124 - NR:   82 ROK:    7 MIESIAC:   10 DATA:   2027-09-10 RATA:     2129.08 ODSETKI:      337.23 KAPITAL:     1791.85 NADPLATA:           0 PKWT:     120836.80 PMSC:            62 
16:06:19.507 [main] INFO  p.c.m.services.PrintingServiceImpl:124 - NR:   83 ROK:    7 MIESIAC:   11 DATA:   2027-10-10 RATA:     2129.08 ODSETKI:      332.30 KAPITAL:     1796.78 NADPLATA:           0 PKWT:     119040.02 PMSC:            61 
16:06:19.507 [main] INFO  p.c.m.services.PrintingServiceImpl:124 - NR:   84 ROK:    7 MIESIAC:   12 DATA:   2027-11-10 RATA:     2129.08 ODSETKI:      327.36 KAPITAL:     1801.72 NADPLATA:           0 PKWT:     117238.30 PMSC:            60 
16:06:19.507 [main] INFO  p.c.m.services.PrintingServiceImpl:124 - ------------------------------------------------------------------------------------------------------------------------------------------------------------------------------------
16:06:19.507 [main] INFO  p.c.m.services.PrintingServiceImpl:124 - NR:   85 ROK:    8 MIESIAC:    1 DATA:   2027-12-10 RATA:     2129.08 ODSETKI:      322.41 KAPITAL:     1806.67 NADPLATA:           0 PKWT:     115431.63 PMSC:            59 
16:06:19.507 [main] INFO  p.c.m.services.PrintingServiceImpl:124 - NR:   86 ROK:    8 MIESIAC:    2 DATA:   2028-01-10 RATA:     2129.08 ODSETKI:      317.44 KAPITAL:     1811.64 NADPLATA:           0 PKWT:     113619.99 PMSC:            58 
16:06:19.507 [main] INFO  p.c.m.services.PrintingServiceImpl:124 - NR:   87 ROK:    8 MIESIAC:    3 DATA:   2028-02-10 RATA:     2129.08 ODSETKI:      312.45 KAPITAL:     1816.63 NADPLATA:           0 PKWT:     111803.36 PMSC:            57 
16:06:19.507 [main] INFO  p.c.m.services.PrintingServiceImpl:124 - NR:   88 ROK:    8 MIESIAC:    4 DATA:   2028-03-10 RATA:     2129.08 ODSETKI:      307.46 KAPITAL:     1821.62 NADPLATA:           0 PKWT:     109981.74 PMSC:            56 
16:06:19.507 [main] INFO  p.c.m.services.PrintingServiceImpl:124 - NR:   89 ROK:    8 MIESIAC:    5 DATA:   2028-04-10 RATA:     2129.08 ODSETKI:      302.45 KAPITAL:     1826.63 NADPLATA:           0 PKWT:     108155.11 PMSC:            55 
16:06:19.507 [main] INFO  p.c.m.services.PrintingServiceImpl:124 - NR:   90 ROK:    8 MIESIAC:    6 DATA:   2028-05-10 RATA:     2129.08 ODSETKI:      297.43 KAPITAL:     1831.65 NADPLATA:           0 PKWT:     106323.46 PMSC:            54 
16:06:19.508 [main] INFO  p.c.m.services.PrintingServiceImpl:124 - NR:   91 ROK:    8 MIESIAC:    7 DATA:   2028-06-10 RATA:     2129.08 ODSETKI:      292.39 KAPITAL:     1836.69 NADPLATA:           0 PKWT:     104486.77 PMSC:            53 
16:06:19.508 [main] INFO  p.c.m.services.PrintingServiceImpl:124 - NR:   92 ROK:    8 MIESIAC:    8 DATA:   2028-07-10 RATA:     2129.08 ODSETKI:      287.34 KAPITAL:     1841.74 NADPLATA:           0 PKWT:     102645.03 PMSC:            52 
16:06:19.508 [main] INFO  p.c.m.services.PrintingServiceImpl:124 - NR:   93 ROK:    8 MIESIAC:    9 DATA:   2028-08-10 RATA:     2129.08 ODSETKI:      282.27 KAPITAL:     1846.81 NADPLATA:           0 PKWT:     100798.22 PMSC:            51 
16:06:19.508 [main] INFO  p.c.m.services.PrintingServiceImpl:124 - NR:   94 ROK:    8 MIESIAC:   10 DATA:   2028-09-10 RATA:     2129.08 ODSETKI:      277.20 KAPITAL:     1851.88 NADPLATA:           0 PKWT:      98946.34 PMSC:            50 
16:06:19.508 [main] INFO  p.c.m.services.PrintingServiceImpl:124 - NR:   95 ROK:    8 MIESIAC:   11 DATA:   2028-10-10 RATA:     2129.08 ODSETKI:      272.10 KAPITAL:     1856.98 NADPLATA:           0 PKWT:      97089.36 PMSC:            49 
16:06:19.508 [main] INFO  p.c.m.services.PrintingServiceImpl:124 - NR:   96 ROK:    8 MIESIAC:   12 DATA:   2028-11-10 RATA:     2129.08 ODSETKI:      267.00 KAPITAL:     1862.08 NADPLATA:           0 PKWT:      95227.28 PMSC:            48 
16:06:19.508 [main] INFO  p.c.m.services.PrintingServiceImpl:124 - ------------------------------------------------------------------------------------------------------------------------------------------------------------------------------------
16:06:19.508 [main] INFO  p.c.m.services.PrintingServiceImpl:124 - NR:   97 ROK:    9 MIESIAC:    1 DATA:   2028-12-10 RATA:     2129.08 ODSETKI:      261.88 KAPITAL:     1867.20 NADPLATA:           0 PKWT:      93360.08 PMSC:            47 
16:06:19.510 [main] INFO  p.c.m.services.PrintingServiceImpl:124 - NR:   98 ROK:    9 MIESIAC:    2 DATA:   2029-01-10 RATA:     2129.08 ODSETKI:      256.74 KAPITAL:     1872.34 NADPLATA:           0 PKWT:      91487.74 PMSC:            46 
16:06:19.510 [main] INFO  p.c.m.services.PrintingServiceImpl:124 - NR:   99 ROK:    9 MIESIAC:    3 DATA:   2029-02-10 RATA:     2129.08 ODSETKI:      251.59 KAPITAL:     1877.49 NADPLATA:           0 PKWT:      89610.25 PMSC:            45 
16:06:19.510 [main] INFO  p.c.m.services.PrintingServiceImpl:124 - NR:  100 ROK:    9 MIESIAC:    4 DATA:   2029-03-10 RATA:     2129.08 ODSETKI:      246.43 KAPITAL:     1882.65 NADPLATA:           0 PKWT:      87727.60 PMSC:            44 
16:06:19.510 [main] INFO  p.c.m.services.PrintingServiceImpl:124 - NR:  101 ROK:    9 MIESIAC:    5 DATA:   2029-04-10 RATA:     2129.08 ODSETKI:      241.25 KAPITAL:     1887.83 NADPLATA:           0 PKWT:      85839.77 PMSC:            43 
16:06:19.510 [main] INFO  p.c.m.services.PrintingServiceImpl:124 - NR:  102 ROK:    9 MIESIAC:    6 DATA:   2029-05-10 RATA:     2129.08 ODSETKI:      236.06 KAPITAL:     1893.02 NADPLATA:           0 PKWT:      83946.75 PMSC:            42 
16:06:19.514 [main] INFO  p.c.m.services.PrintingServiceImpl:124 - NR:  103 ROK:    9 MIESIAC:    7 DATA:   2029-06-10 RATA:     2129.08 ODSETKI:      230.85 KAPITAL:     1898.23 NADPLATA:           0 PKWT:      82048.52 PMSC:            41 
16:06:19.514 [main] INFO  p.c.m.services.PrintingServiceImpl:124 - NR:  104 ROK:    9 MIESIAC:    8 DATA:   2029-07-10 RATA:     2129.08 ODSETKI:      225.63 KAPITAL:     1903.45 NADPLATA:           0 PKWT:      80145.07 PMSC:            40 
16:06:19.514 [main] INFO  p.c.m.services.PrintingServiceImpl:124 - NR:  105 ROK:    9 MIESIAC:    9 DATA:   2029-08-10 RATA:     2129.08 ODSETKI:      220.40 KAPITAL:     1908.68 NADPLATA:           0 PKWT:      78236.39 PMSC:            39 
16:06:19.514 [main] INFO  p.c.m.services.PrintingServiceImpl:124 - NR:  106 ROK:    9 MIESIAC:   10 DATA:   2029-09-10 RATA:     2129.08 ODSETKI:      215.15 KAPITAL:     1913.93 NADPLATA:           0 PKWT:      76322.46 PMSC:            38 
16:06:19.515 [main] INFO  p.c.m.services.PrintingServiceImpl:124 - NR:  107 ROK:    9 MIESIAC:   11 DATA:   2029-10-10 RATA:     2129.08 ODSETKI:      209.89 KAPITAL:     1919.19 NADPLATA:           0 PKWT:      74403.27 PMSC:            37 
16:06:19.516 [main] INFO  p.c.m.services.PrintingServiceImpl:124 - NR:  108 ROK:    9 MIESIAC:   12 DATA:   2029-11-10 RATA:     2129.08 ODSETKI:      204.61 KAPITAL:     1924.47 NADPLATA:           0 PKWT:      72478.80 PMSC:            36 
16:06:19.516 [main] INFO  p.c.m.services.PrintingServiceImpl:124 - ------------------------------------------------------------------------------------------------------------------------------------------------------------------------------------
16:06:19.516 [main] INFO  p.c.m.services.PrintingServiceImpl:124 - NR:  109 ROK:   10 MIESIAC:    1 DATA:   2029-12-10 RATA:     2129.08 ODSETKI:      199.32 KAPITAL:     1929.76 NADPLATA:           0 PKWT:      70549.04 PMSC:            35 
16:06:19.516 [main] INFO  p.c.m.services.PrintingServiceImpl:124 - NR:  110 ROK:   10 MIESIAC:    2 DATA:   2030-01-10 RATA:     2129.08 ODSETKI:      194.01 KAPITAL:     1935.07 NADPLATA:           0 PKWT:      68613.97 PMSC:            34 
16:06:19.516 [main] INFO  p.c.m.services.PrintingServiceImpl:124 - NR:  111 ROK:   10 MIESIAC:    3 DATA:   2030-02-10 RATA:     2129.08 ODSETKI:      188.69 KAPITAL:     1940.39 NADPLATA:           0 PKWT:      66673.58 PMSC:            33 
16:06:19.516 [main] INFO  p.c.m.services.PrintingServiceImpl:124 - NR:  112 ROK:   10 MIESIAC:    4 DATA:   2030-03-10 RATA:     2129.08 ODSETKI:      183.35 KAPITAL:     1945.73 NADPLATA:           0 PKWT:      64727.85 PMSC:            32 
16:06:19.516 [main] INFO  p.c.m.services.PrintingServiceImpl:124 - NR:  113 ROK:   10 MIESIAC:    5 DATA:   2030-04-10 RATA:     2129.08 ODSETKI:      178.00 KAPITAL:     1951.08 NADPLATA:           0 PKWT:      62776.77 PMSC:            31 
16:06:19.516 [main] INFO  p.c.m.services.PrintingServiceImpl:124 - NR:  114 ROK:   10 MIESIAC:    6 DATA:   2030-05-10 RATA:     2129.08 ODSETKI:      172.64 KAPITAL:     1956.44 NADPLATA:           0 PKWT:      60820.33 PMSC:            30 
16:06:19.516 [main] INFO  p.c.m.services.PrintingServiceImpl:124 - NR:  115 ROK:   10 MIESIAC:    7 DATA:   2030-06-10 RATA:     2129.08 ODSETKI:      167.26 KAPITAL:     1961.82 NADPLATA:           0 PKWT:      58858.51 PMSC:            29 
16:06:19.517 [main] INFO  p.c.m.services.PrintingServiceImpl:124 - NR:  116 ROK:   10 MIESIAC:    8 DATA:   2030-07-10 RATA:     2129.08 ODSETKI:      161.86 KAPITAL:     1967.22 NADPLATA:           0 PKWT:      56891.29 PMSC:            28 
16:06:19.517 [main] INFO  p.c.m.services.PrintingServiceImpl:124 - NR:  117 ROK:   10 MIESIAC:    9 DATA:   2030-08-10 RATA:     2129.08 ODSETKI:      156.45 KAPITAL:     1972.63 NADPLATA:           0 PKWT:      54918.66 PMSC:            27 
16:06:19.517 [main] INFO  p.c.m.services.PrintingServiceImpl:124 - NR:  118 ROK:   10 MIESIAC:   10 DATA:   2030-09-10 RATA:     2129.08 ODSETKI:      151.03 KAPITAL:     1978.05 NADPLATA:           0 PKWT:      52940.61 PMSC:            26 
16:06:19.518 [main] INFO  p.c.m.services.PrintingServiceImpl:124 - NR:  119 ROK:   10 MIESIAC:   11 DATA:   2030-10-10 RATA:     2129.08 ODSETKI:      145.59 KAPITAL:     1983.49 NADPLATA:           0 PKWT:      50957.12 PMSC:            25 
16:06:19.519 [main] INFO  p.c.m.services.PrintingServiceImpl:124 - NR:  120 ROK:   10 MIESIAC:   12 DATA:   2030-11-10 RATA:     2129.08 ODSETKI:      140.13 KAPITAL:     1988.95 NADPLATA:           0 PKWT:      48968.17 PMSC:            24 
16:06:19.519 [main] INFO  p.c.m.services.PrintingServiceImpl:124 - ------------------------------------------------------------------------------------------------------------------------------------------------------------------------------------
16:06:19.520 [main] INFO  p.c.m.services.PrintingServiceImpl:124 - NR:  121 ROK:   11 MIESIAC:    1 DATA:   2030-12-10 RATA:     2129.08 ODSETKI:      134.66 KAPITAL:     1994.42 NADPLATA:           0 PKWT:      46973.75 PMSC:            23 
16:06:19.520 [main] INFO  p.c.m.services.PrintingServiceImpl:124 - NR:  122 ROK:   11 MIESIAC:    2 DATA:   2031-01-10 RATA:     2129.08 ODSETKI:      129.18 KAPITAL:     1999.90 NADPLATA:           0 PKWT:      44973.85 PMSC:            22 
16:06:19.521 [main] INFO  p.c.m.services.PrintingServiceImpl:124 - NR:  123 ROK:   11 MIESIAC:    3 DATA:   2031-02-10 RATA:     2129.08 ODSETKI:      123.68 KAPITAL:     2005.40 NADPLATA:           0 PKWT:      42968.45 PMSC:            21 
16:06:19.521 [main] INFO  p.c.m.services.PrintingServiceImpl:124 - NR:  124 ROK:   11 MIESIAC:    4 DATA:   2031-03-10 RATA:     2129.08 ODSETKI:      118.16 KAPITAL:     2010.92 NADPLATA:           0 PKWT:      40957.53 PMSC:            20 
16:06:19.522 [main] INFO  p.c.m.services.PrintingServiceImpl:124 - NR:  125 ROK:   11 MIESIAC:    5 DATA:   2031-04-10 RATA:     2129.08 ODSETKI:      112.63 KAPITAL:     2016.45 NADPLATA:           0 PKWT:      38941.08 PMSC:            19 
16:06:19.522 [main] INFO  p.c.m.services.PrintingServiceImpl:124 - NR:  126 ROK:   11 MIESIAC:    6 DATA:   2031-05-10 RATA:     2129.08 ODSETKI:      107.09 KAPITAL:     2021.99 NADPLATA:           0 PKWT:      36919.09 PMSC:            18 
16:06:19.522 [main] INFO  p.c.m.services.PrintingServiceImpl:124 - NR:  127 ROK:   11 MIESIAC:    7 DATA:   2031-06-10 RATA:     2129.08 ODSETKI:      101.53 KAPITAL:     2027.55 NADPLATA:           0 PKWT:      34891.54 PMSC:            17 
16:06:19.523 [main] INFO  p.c.m.services.PrintingServiceImpl:124 - NR:  128 ROK:   11 MIESIAC:    8 DATA:   2031-07-10 RATA:     2129.08 ODSETKI:       95.95 KAPITAL:     2033.13 NADPLATA:           0 PKWT:      32858.41 PMSC:            16 
16:06:19.523 [main] INFO  p.c.m.services.PrintingServiceImpl:124 - NR:  129 ROK:   11 MIESIAC:    9 DATA:   2031-08-10 RATA:     2129.08 ODSETKI:       90.36 KAPITAL:     2038.72 NADPLATA:           0 PKWT:      30819.69 PMSC:            15 
16:06:19.525 [main] INFO  p.c.m.services.PrintingServiceImpl:124 - NR:  130 ROK:   11 MIESIAC:   10 DATA:   2031-09-10 RATA:     2129.08 ODSETKI:       84.75 KAPITAL:     2044.33 NADPLATA:           0 PKWT:      28775.36 PMSC:            14 
16:06:19.525 [main] INFO  p.c.m.services.PrintingServiceImpl:124 - NR:  131 ROK:   11 MIESIAC:   11 DATA:   2031-10-10 RATA:     2129.08 ODSETKI:       79.13 KAPITAL:     2049.95 NADPLATA:           0 PKWT:      26725.41 PMSC:            13 
16:06:19.525 [main] INFO  p.c.m.services.PrintingServiceImpl:124 - NR:  132 ROK:   11 MIESIAC:   12 DATA:   2031-11-10 RATA:     2129.08 ODSETKI:       73.49 KAPITAL:     2055.59 NADPLATA:           0 PKWT:      24669.82 PMSC:            12 
16:06:19.525 [main] INFO  p.c.m.services.PrintingServiceImpl:124 - ------------------------------------------------------------------------------------------------------------------------------------------------------------------------------------
16:06:19.525 [main] INFO  p.c.m.services.PrintingServiceImpl:124 - NR:  133 ROK:   12 MIESIAC:    1 DATA:   2031-12-10 RATA:     2129.08 ODSETKI:       67.84 KAPITAL:     2061.24 NADPLATA:           0 PKWT:      22608.58 PMSC:            11 
16:06:19.525 [main] INFO  p.c.m.services.PrintingServiceImpl:124 - NR:  134 ROK:   12 MIESIAC:    2 DATA:   2032-01-10 RATA:     2129.08 ODSETKI:       62.17 KAPITAL:     2066.91 NADPLATA:           0 PKWT:      20541.67 PMSC:            10 
16:06:19.525 [main] INFO  p.c.m.services.PrintingServiceImpl:124 - NR:  135 ROK:   12 MIESIAC:    3 DATA:   2032-02-10 RATA:     2129.08 ODSETKI:       56.49 KAPITAL:     2072.59 NADPLATA:           0 PKWT:      18469.08 PMSC:             9 
16:06:19.525 [main] INFO  p.c.m.services.PrintingServiceImpl:124 - NR:  136 ROK:   12 MIESIAC:    4 DATA:   2032-03-10 RATA:     2129.08 ODSETKI:       50.79 KAPITAL:     2078.29 NADPLATA:           0 PKWT:      16390.79 PMSC:             8 
16:06:19.526 [main] INFO  p.c.m.services.PrintingServiceImpl:124 - NR:  137 ROK:   12 MIESIAC:    5 DATA:   2032-04-10 RATA:     2129.08 ODSETKI:       45.07 KAPITAL:     2084.01 NADPLATA:           0 PKWT:      14306.78 PMSC:             7 
16:06:19.526 [main] INFO  p.c.m.services.PrintingServiceImpl:124 - NR:  138 ROK:   12 MIESIAC:    6 DATA:   2032-05-10 RATA:     2129.08 ODSETKI:       39.34 KAPITAL:     2089.74 NADPLATA:           0 PKWT:      12217.04 PMSC:             6 
16:06:19.526 [main] INFO  p.c.m.services.PrintingServiceImpl:124 - NR:  139 ROK:   12 MIESIAC:    7 DATA:   2032-06-10 RATA:     2129.08 ODSETKI:       33.60 KAPITAL:     2095.48 NADPLATA:           0 PKWT:      10121.56 PMSC:             5 
16:06:19.526 [main] INFO  p.c.m.services.PrintingServiceImpl:124 - NR:  140 ROK:   12 MIESIAC:    8 DATA:   2032-07-10 RATA:     2129.08 ODSETKI:       27.83 KAPITAL:     2101.25 NADPLATA:           0 PKWT:       8020.31 PMSC:             4 
16:06:19.526 [main] INFO  p.c.m.services.PrintingServiceImpl:124 - NR:  141 ROK:   12 MIESIAC:    9 DATA:   2032-08-10 RATA:     2129.08 ODSETKI:       22.06 KAPITAL:     2107.02 NADPLATA:           0 PKWT:       5913.29 PMSC:             3 
16:06:19.526 [main] INFO  p.c.m.services.PrintingServiceImpl:124 - NR:  142 ROK:   12 MIESIAC:   10 DATA:   2032-09-10 RATA:     2129.08 ODSETKI:       16.26 KAPITAL:     2112.82 NADPLATA:           0 PKWT:       3800.47 PMSC:             2 
16:06:19.526 [main] INFO  p.c.m.services.PrintingServiceImpl:124 - NR:  143 ROK:   12 MIESIAC:   11 DATA:   2032-10-10 RATA:     2129.08 ODSETKI:       10.45 KAPITAL:     2118.63 NADPLATA:           0 PKWT:       1681.84 PMSC:             1 
16:06:19.526 [main] INFO  p.c.m.services.PrintingServiceImpl:124 - NR:  144 ROK:   12 MIESIAC:   12 DATA:   2032-11-10 RATA:     1686.47 ODSETKI:        4.63 KAPITAL:     1681.84 NADPLATA:           0 PKWT:          0.00 PMSC:             0 
16:06:19.526 [main] INFO  p.c.m.services.PrintingServiceImpl:124 - ------------------------------------------------------------------------------------------------------------------------------------------------------------------------------------
16:06:19.526 [main] INFO  p.c.m.services.PrintingServiceImpl:124 - 

